{"/Users/zoeketchamharvey/Turing/mod4/palette-picker/back-end-palette-picker/app.js": {"path":"/Users/zoeketchamharvey/Turing/mod4/palette-picker/back-end-palette-picker/app.js","statementMap":{"0":{"start":{"line":1,"column":16},"end":{"line":1,"column":34}},"1":{"start":{"line":2,"column":13},"end":{"line":2,"column":28}},"2":{"start":{"line":3,"column":12},"end":{"line":3,"column":21}},"3":{"start":{"line":5,"column":20},"end":{"line":5,"column":57}},"4":{"start":{"line":6,"column":22},"end":{"line":6,"column":56}},"5":{"start":{"line":7,"column":17},"end":{"line":7,"column":47}},"6":{"start":{"line":9,"column":0},"end":{"line":9,"column":16}},"7":{"start":{"line":11,"column":0},"end":{"line":11,"column":24}},"8":{"start":{"line":13,"column":0},"end":{"line":21,"column":3}},"9":{"start":{"line":14,"column":2},"end":{"line":20,"column":6}},"10":{"start":{"line":16,"column":6},"end":{"line":16,"column":41}},"11":{"start":{"line":19,"column":6},"end":{"line":19,"column":42}},"12":{"start":{"line":23,"column":0},"end":{"line":31,"column":3}},"13":{"start":{"line":24,"column":2},"end":{"line":30,"column":6}},"14":{"start":{"line":26,"column":6},"end":{"line":26,"column":41}},"15":{"start":{"line":29,"column":6},"end":{"line":29,"column":42}},"16":{"start":{"line":33,"column":0},"end":{"line":48,"column":3}},"17":{"start":{"line":34,"column":17},"end":{"line":34,"column":31}},"18":{"start":{"line":35,"column":2},"end":{"line":47,"column":6}},"19":{"start":{"line":37,"column":6},"end":{"line":43,"column":7}},"20":{"start":{"line":38,"column":8},"end":{"line":38,"column":42}},"21":{"start":{"line":40,"column":8},"end":{"line":42,"column":10}},"22":{"start":{"line":46,"column":6},"end":{"line":46,"column":42}},"23":{"start":{"line":50,"column":0},"end":{"line":65,"column":2}},"24":{"start":{"line":51,"column":17},"end":{"line":51,"column":31}},"25":{"start":{"line":52,"column":2},"end":{"line":64,"column":6}},"26":{"start":{"line":54,"column":6},"end":{"line":60,"column":7}},"27":{"start":{"line":55,"column":8},"end":{"line":55,"column":42}},"28":{"start":{"line":57,"column":8},"end":{"line":59,"column":10}},"29":{"start":{"line":63,"column":6},"end":{"line":63,"column":42}},"30":{"start":{"line":67,"column":0},"end":{"line":69,"column":2}},"31":{"start":{"line":68,"column":2},"end":{"line":68,"column":22}},"32":{"start":{"line":71,"column":0},"end":{"line":71,"column":21}}},"fnMap":{"0":{"name":"(anonymous_0)","decl":{"start":{"line":13,"column":28},"end":{"line":13,"column":29}},"loc":{"start":{"line":13,"column":51},"end":{"line":21,"column":1}},"line":13},"1":{"name":"(anonymous_1)","decl":{"start":{"line":15,"column":10},"end":{"line":15,"column":11}},"loc":{"start":{"line":15,"column":22},"end":{"line":17,"column":5}},"line":15},"2":{"name":"(anonymous_2)","decl":{"start":{"line":18,"column":11},"end":{"line":18,"column":12}},"loc":{"start":{"line":18,"column":20},"end":{"line":20,"column":5}},"line":18},"3":{"name":"(anonymous_3)","decl":{"start":{"line":23,"column":28},"end":{"line":23,"column":29}},"loc":{"start":{"line":23,"column":51},"end":{"line":31,"column":1}},"line":23},"4":{"name":"(anonymous_4)","decl":{"start":{"line":25,"column":10},"end":{"line":25,"column":11}},"loc":{"start":{"line":25,"column":22},"end":{"line":27,"column":5}},"line":25},"5":{"name":"(anonymous_5)","decl":{"start":{"line":28,"column":11},"end":{"line":28,"column":12}},"loc":{"start":{"line":28,"column":20},"end":{"line":30,"column":5}},"line":28},"6":{"name":"(anonymous_6)","decl":{"start":{"line":33,"column":32},"end":{"line":33,"column":33}},"loc":{"start":{"line":33,"column":55},"end":{"line":48,"column":1}},"line":33},"7":{"name":"(anonymous_7)","decl":{"start":{"line":36,"column":10},"end":{"line":36,"column":11}},"loc":{"start":{"line":36,"column":21},"end":{"line":44,"column":5}},"line":36},"8":{"name":"(anonymous_8)","decl":{"start":{"line":45,"column":11},"end":{"line":45,"column":12}},"loc":{"start":{"line":45,"column":20},"end":{"line":47,"column":5}},"line":45},"9":{"name":"(anonymous_9)","decl":{"start":{"line":50,"column":32},"end":{"line":50,"column":33}},"loc":{"start":{"line":50,"column":55},"end":{"line":65,"column":1}},"line":50},"10":{"name":"(anonymous_10)","decl":{"start":{"line":53,"column":10},"end":{"line":53,"column":11}},"loc":{"start":{"line":53,"column":21},"end":{"line":61,"column":5}},"line":53},"11":{"name":"(anonymous_11)","decl":{"start":{"line":62,"column":11},"end":{"line":62,"column":12}},"loc":{"start":{"line":62,"column":20},"end":{"line":64,"column":5}},"line":62},"12":{"name":"(anonymous_12)","decl":{"start":{"line":67,"column":29},"end":{"line":67,"column":30}},"loc":{"start":{"line":67,"column":52},"end":{"line":69,"column":1}},"line":67}},"branchMap":{"0":{"loc":{"start":{"line":5,"column":20},"end":{"line":5,"column":57}},"type":"binary-expr","locations":[{"start":{"line":5,"column":20},"end":{"line":5,"column":40}},{"start":{"line":5,"column":44},"end":{"line":5,"column":57}}],"line":5},"1":{"loc":{"start":{"line":37,"column":6},"end":{"line":43,"column":7}},"type":"if","locations":[{"start":{"line":37,"column":6},"end":{"line":43,"column":7}},{"start":{"line":37,"column":6},"end":{"line":43,"column":7}}],"line":37},"2":{"loc":{"start":{"line":54,"column":6},"end":{"line":60,"column":7}},"type":"if","locations":[{"start":{"line":54,"column":6},"end":{"line":60,"column":7}},{"start":{"line":54,"column":6},"end":{"line":60,"column":7}}],"line":54}},"s":{"0":1,"1":1,"2":1,"3":1,"4":1,"5":1,"6":1,"7":1,"8":1,"9":1,"10":1,"11":0,"12":1,"13":1,"14":1,"15":0,"16":1,"17":2,"18":2,"19":2,"20":1,"21":1,"22":0,"23":1,"24":2,"25":2,"26":2,"27":1,"28":1,"29":0,"30":1,"31":0,"32":1},"f":{"0":1,"1":1,"2":0,"3":1,"4":1,"5":0,"6":2,"7":2,"8":0,"9":2,"10":2,"11":0,"12":0},"b":{"0":[1,0],"1":[1,1],"2":[1,1]},"_coverageSchema":"43e27e138ebf9cfc5966b082cf9a028302ed4184","hash":"7f4894c229a7db6e03d46ea4f9c71aedefa11357"}
,"/Users/zoeketchamharvey/Turing/mod4/palette-picker/back-end-palette-picker/knexfile.js": {"path":"/Users/zoeketchamharvey/Turing/mod4/palette-picker/back-end-palette-picker/knexfile.js","statementMap":{"0":{"start":{"line":3,"column":0},"end":{"line":45,"column":2}}},"fnMap":{},"branchMap":{},"s":{"0":1},"f":{},"b":{},"_coverageSchema":"43e27e138ebf9cfc5966b082cf9a028302ed4184","hash":"15d5ec48db05fddb66de2353c018f1b2a07e8af7"}
,"/Users/zoeketchamharvey/Turing/mod4/palette-picker/back-end-palette-picker/data/paletteData.js": {"path":"/Users/zoeketchamharvey/Turing/mod4/palette-picker/back-end-palette-picker/data/paletteData.js","statementMap":{"0":{"start":{"line":1,"column":21},"end":{"line":5,"column":1}},"1":{"start":{"line":7,"column":0},"end":{"line":7,"column":30}}},"fnMap":{},"branchMap":{},"s":{"0":1,"1":1},"f":{},"b":{},"_coverageSchema":"43e27e138ebf9cfc5966b082cf9a028302ed4184","hash":"efe416259ed8a08e51aee7f1bef7750d7e10aede"}
,"/Users/zoeketchamharvey/Turing/mod4/palette-picker/back-end-palette-picker/data/projectData.js": {"path":"/Users/zoeketchamharvey/Turing/mod4/palette-picker/back-end-palette-picker/data/projectData.js","statementMap":{"0":{"start":{"line":1,"column":21},"end":{"line":5,"column":1}},"1":{"start":{"line":7,"column":0},"end":{"line":7,"column":30}}},"fnMap":{},"branchMap":{},"s":{"0":1,"1":1},"f":{},"b":{},"_coverageSchema":"43e27e138ebf9cfc5966b082cf9a028302ed4184","hash":"1b74715130f7497c74268bff113dc1c53cc233b2"}
,"/Users/zoeketchamharvey/Turing/mod4/palette-picker/back-end-palette-picker/db/seeds/test/colorpickers.js": {"path":"/Users/zoeketchamharvey/Turing/mod4/palette-picker/back-end-palette-picker/db/seeds/test/colorpickers.js","statementMap":{"0":{"start":{"line":1,"column":21},"end":{"line":1,"column":57}},"1":{"start":{"line":2,"column":21},"end":{"line":2,"column":57}},"2":{"start":{"line":3,"column":0},"end":{"line":3,"column":25}},"3":{"start":{"line":5,"column":22},"end":{"line":10,"column":1}},"4":{"start":{"line":6,"column":2},"end":{"line":9,"column":5}},"5":{"start":{"line":12,"column":22},"end":{"line":23,"column":1}},"6":{"start":{"line":13,"column":2},"end":{"line":22,"column":5}},"7":{"start":{"line":25,"column":0},"end":{"line":44,"column":2}},"8":{"start":{"line":26,"column":2},"end":{"line":43,"column":67}},"9":{"start":{"line":27,"column":16},"end":{"line":27,"column":38}},"10":{"start":{"line":29,"column":29},"end":{"line":29,"column":31}},"11":{"start":{"line":30,"column":6},"end":{"line":32,"column":9}},"12":{"start":{"line":31,"column":8},"end":{"line":31,"column":60}},"13":{"start":{"line":33,"column":6},"end":{"line":33,"column":43}},"14":{"start":{"line":35,"column":16},"end":{"line":35,"column":38}},"15":{"start":{"line":37,"column":30},"end":{"line":37,"column":32}},"16":{"start":{"line":38,"column":6},"end":{"line":40,"column":9}},"17":{"start":{"line":39,"column":8},"end":{"line":39,"column":59}},"18":{"start":{"line":41,"column":6},"end":{"line":41,"column":42}},"19":{"start":{"line":43,"column":20},"end":{"line":43,"column":65}}},"fnMap":{"0":{"name":"(anonymous_0)","decl":{"start":{"line":5,"column":22},"end":{"line":5,"column":23}},"loc":{"start":{"line":5,"column":41},"end":{"line":10,"column":1}},"line":5},"1":{"name":"(anonymous_1)","decl":{"start":{"line":12,"column":22},"end":{"line":12,"column":23}},"loc":{"start":{"line":12,"column":41},"end":{"line":23,"column":1}},"line":12},"2":{"name":"(anonymous_2)","decl":{"start":{"line":25,"column":15},"end":{"line":25,"column":16}},"loc":{"start":{"line":25,"column":25},"end":{"line":44,"column":1}},"line":25},"3":{"name":"(anonymous_3)","decl":{"start":{"line":27,"column":10},"end":{"line":27,"column":11}},"loc":{"start":{"line":27,"column":16},"end":{"line":27,"column":38}},"line":27},"4":{"name":"(anonymous_4)","decl":{"start":{"line":28,"column":10},"end":{"line":28,"column":11}},"loc":{"start":{"line":28,"column":16},"end":{"line":34,"column":5}},"line":28},"5":{"name":"(anonymous_5)","decl":{"start":{"line":30,"column":27},"end":{"line":30,"column":28}},"loc":{"start":{"line":30,"column":38},"end":{"line":32,"column":7}},"line":30},"6":{"name":"(anonymous_6)","decl":{"start":{"line":35,"column":10},"end":{"line":35,"column":11}},"loc":{"start":{"line":35,"column":16},"end":{"line":35,"column":38}},"line":35},"7":{"name":"(anonymous_7)","decl":{"start":{"line":36,"column":10},"end":{"line":36,"column":11}},"loc":{"start":{"line":36,"column":16},"end":{"line":42,"column":5}},"line":36},"8":{"name":"(anonymous_8)","decl":{"start":{"line":38,"column":27},"end":{"line":38,"column":28}},"loc":{"start":{"line":38,"column":38},"end":{"line":40,"column":7}},"line":38},"9":{"name":"(anonymous_9)","decl":{"start":{"line":43,"column":11},"end":{"line":43,"column":12}},"loc":{"start":{"line":43,"column":20},"end":{"line":43,"column":65}},"line":43}},"branchMap":{},"s":{"0":1,"1":1,"2":1,"3":1,"4":18,"5":1,"6":18,"7":1,"8":6,"9":6,"10":6,"11":6,"12":18,"13":6,"14":6,"15":6,"16":6,"17":18,"18":6,"19":0},"f":{"0":18,"1":18,"2":6,"3":6,"4":6,"5":18,"6":6,"7":6,"8":18,"9":0},"b":{},"_coverageSchema":"43e27e138ebf9cfc5966b082cf9a028302ed4184","hash":"8bba7104861fc11b393691bf9cfc19b3d9fa34a8"}
}
