TN:
SF:/Users/zoeketchamharvey/Turing/mod4/palette-picker/back-end-palette-picker/app.js
FN:13,(anonymous_0)
FN:15,(anonymous_1)
FN:18,(anonymous_2)
FN:23,(anonymous_3)
FN:25,(anonymous_4)
FN:28,(anonymous_5)
FN:33,(anonymous_6)
FN:36,(anonymous_7)
FN:45,(anonymous_8)
FN:50,(anonymous_9)
FN:53,(anonymous_10)
FN:62,(anonymous_11)
FN:67,(anonymous_12)
FNF:13
FNH:8
FNDA:1,(anonymous_0)
FNDA:1,(anonymous_1)
FNDA:0,(anonymous_2)
FNDA:1,(anonymous_3)
FNDA:1,(anonymous_4)
FNDA:0,(anonymous_5)
FNDA:2,(anonymous_6)
FNDA:2,(anonymous_7)
FNDA:0,(anonymous_8)
FNDA:2,(anonymous_9)
FNDA:2,(anonymous_10)
FNDA:0,(anonymous_11)
FNDA:0,(anonymous_12)
DA:1,1
DA:2,1
DA:3,1
DA:5,1
DA:6,1
DA:7,1
DA:9,1
DA:11,1
DA:13,1
DA:14,1
DA:16,1
DA:19,0
DA:23,1
DA:24,1
DA:26,1
DA:29,0
DA:33,1
DA:34,2
DA:35,2
DA:37,2
DA:38,1
DA:40,1
DA:46,0
DA:50,1
DA:51,2
DA:52,2
DA:54,2
DA:55,1
DA:57,1
DA:63,0
DA:67,1
DA:68,0
DA:71,1
LF:33
LH:28
BRDA:5,0,0,1
BRDA:5,0,1,0
BRDA:37,1,0,1
BRDA:37,1,1,1
BRDA:54,2,0,1
BRDA:54,2,1,1
BRF:6
BRH:5
end_of_record
TN:
SF:/Users/zoeketchamharvey/Turing/mod4/palette-picker/back-end-palette-picker/knexfile.js
FNF:0
FNH:0
DA:3,1
LF:1
LH:1
BRF:0
BRH:0
end_of_record
TN:
SF:/Users/zoeketchamharvey/Turing/mod4/palette-picker/back-end-palette-picker/data/paletteData.js
FNF:0
FNH:0
DA:1,1
DA:7,1
LF:2
LH:2
BRF:0
BRH:0
end_of_record
TN:
SF:/Users/zoeketchamharvey/Turing/mod4/palette-picker/back-end-palette-picker/data/projectData.js
FNF:0
FNH:0
DA:1,1
DA:7,1
LF:2
LH:2
BRF:0
BRH:0
end_of_record
TN:
SF:/Users/zoeketchamharvey/Turing/mod4/palette-picker/back-end-palette-picker/db/seeds/test/colorpickers.js
FN:5,(anonymous_0)
FN:12,(anonymous_1)
FN:25,(anonymous_2)
FN:27,(anonymous_3)
FN:28,(anonymous_4)
FN:30,(anonymous_5)
FN:35,(anonymous_6)
FN:36,(anonymous_7)
FN:38,(anonymous_8)
FN:43,(anonymous_9)
FNF:10
FNH:9
FNDA:18,(anonymous_0)
FNDA:18,(anonymous_1)
FNDA:6,(anonymous_2)
FNDA:6,(anonymous_3)
FNDA:6,(anonymous_4)
FNDA:18,(anonymous_5)
FNDA:6,(anonymous_6)
FNDA:6,(anonymous_7)
FNDA:18,(anonymous_8)
FNDA:0,(anonymous_9)
DA:1,1
DA:2,1
DA:3,1
DA:5,1
DA:6,18
DA:12,1
DA:13,18
DA:25,1
DA:26,6
DA:27,6
DA:29,6
DA:30,6
DA:31,18
DA:33,6
DA:35,6
DA:37,6
DA:38,6
DA:39,18
DA:41,6
DA:43,0
LF:20
LH:19
BRF:0
BRH:0
end_of_record
